This is pdfTeX, Version 3.141592653-2.6-1.40.27 (TeX Live 2025) (preloaded format=pdflatex 2025.5.8)  10 JUL 2025 15:26
entering extended mode
 restricted \write18 enabled.
 file:line:error style messages enabled.
 %&-line parsing enabled.
**/Users/blakejohnson/Documents/rtbp_neptune_triton/lit_review/citations.tex
(/Users/blakejohnson/Documents/rtbp_neptune_triton/lit_review/citations.tex
LaTeX2e <2024-11-01> patch level 2
L3 programming layer <2025-04-14>
(/usr/local/texlive/2025/texmf-dist/tex/latex/base/article.cls
Document Class: article 2024/06/29 v1.4n Standard LaTeX document class
(/usr/local/texlive/2025/texmf-dist/tex/latex/base/size12.clo
File: size12.clo 2024/06/29 v1.4n Standard LaTeX file (size option)
)
\c@part=\count272
\c@section=\count273
\c@subsection=\count274
\c@subsubsection=\count275
\c@paragraph=\count276
\c@subparagraph=\count277
\c@figure=\count278
\c@table=\count279
\abovecaptionskip=\skip49
\belowcaptionskip=\skip50
\bibindent=\dimen146
) (/usr/local/texlive/2025/texmf-dist/tex/latex/geometry/geometry.sty
Package: geometry 2020/01/02 v5.9 Page Geometry
 (/usr/local/texlive/2025/texmf-dist/tex/latex/graphics/keyval.sty
Package: keyval 2022/05/29 v1.15 key=value parser (DPC)
\KV@toks@=\toks17
) (/usr/local/texlive/2025/texmf-dist/tex/generic/iftex/ifvtex.sty
Package: ifvtex 2019/10/25 v1.7 ifvtex legacy package. Use iftex instead.
 (/usr/local/texlive/2025/texmf-dist/tex/generic/iftex/iftex.sty
Package: iftex 2024/12/12 v1.0g TeX engine tests
))
\Gm@cnth=\count280
\Gm@cntv=\count281
\c@Gm@tempcnt=\count282
\Gm@bindingoffset=\dimen147
\Gm@wd@mp=\dimen148
\Gm@odd@mp=\dimen149
\Gm@even@mp=\dimen150
\Gm@layoutwidth=\dimen151
\Gm@layoutheight=\dimen152
\Gm@layouthoffset=\dimen153
\Gm@layoutvoffset=\dimen154
\Gm@dimlist=\toks18
) (/usr/local/texlive/2025/texmf-dist/tex/latex/parskip/parskip.sty
Package: parskip 2021-03-14 v2.0h non-zero parskip adjustments
 (/usr/local/texlive/2025/texmf-dist/tex/latex/kvoptions/kvoptions.sty
Package: kvoptions 2022-06-15 v3.15 Key value format for package options (HO)
 (/usr/local/texlive/2025/texmf-dist/tex/generic/ltxcmds/ltxcmds.sty
Package: ltxcmds 2023-12-04 v1.26 LaTeX kernel commands for general use (HO)
) (/usr/local/texlive/2025/texmf-dist/tex/latex/kvsetkeys/kvsetkeys.sty
Package: kvsetkeys 2022-10-05 v1.19 Key value parser (HO)
)) (/usr/local/texlive/2025/texmf-dist/tex/latex/etoolbox/etoolbox.sty
Package: etoolbox 2025/02/11 v2.5l e-TeX tools for LaTeX (JAW)
\etb@tempcnta=\count283
)) (/usr/local/texlive/2025/texmf-dist/tex/latex/titlesec/titlesec.sty
Package: titlesec 2025/01/04 v2.17 Sectioning titles
\ttl@box=\box53
\beforetitleunit=\skip51
\aftertitleunit=\skip52
\ttl@plus=\dimen155
\ttl@minus=\dimen156
\ttl@toksa=\toks19
\titlewidth=\dimen157
\titlewidthlast=\dimen158
\titlewidthfirst=\dimen159
) (/usr/local/texlive/2025/texmf-dist/tex/latex/enumitem/enumitem.sty
Package: enumitem 2025/02/06 v3.11 Customized lists
\labelindent=\skip53
\enit@outerparindent=\dimen160
\enit@toks=\toks20
\enit@inbox=\box54
\enit@count@id=\count284
\enitdp@description=\count285
) (/usr/local/texlive/2025/texmf-dist/tex/latex/hyperref/hyperref.sty
Package: hyperref 2024-11-05 v7.01l Hypertext links for LaTeX
 (/usr/local/texlive/2025/texmf-dist/tex/generic/kvdefinekeys/kvdefinekeys.sty
Package: kvdefinekeys 2019-12-19 v1.6 Define keys (HO)
) (/usr/local/texlive/2025/texmf-dist/tex/generic/pdfescape/pdfescape.sty
Package: pdfescape 2019/12/09 v1.15 Implements pdfTeX's escape features (HO)
 (/usr/local/texlive/2025/texmf-dist/tex/generic/pdftexcmds/pdftexcmds.sty
Package: pdftexcmds 2020-06-27 v0.33 Utility functions of pdfTeX for LuaTeX (HO)
 (/usr/local/texlive/2025/texmf-dist/tex/generic/infwarerr/infwarerr.sty
Package: infwarerr 2019/12/03 v1.5 Providing info/warning/error messages (HO)
)
Package pdftexcmds Info: \pdf@primitive is available.
Package pdftexcmds Info: \pdf@ifprimitive is available.
Package pdftexcmds Info: \pdfdraftmode found.
)) (/usr/local/texlive/2025/texmf-dist/tex/latex/hycolor/hycolor.sty
Package: hycolor 2020-01-27 v1.10 Color options for hyperref/bookmark (HO)
) (/usr/local/texlive/2025/texmf-dist/tex/latex/hyperref/nameref.sty
Package: nameref 2023-11-26 v2.56 Cross-referencing by name of section
 (/usr/local/texlive/2025/texmf-dist/tex/latex/refcount/refcount.sty
Package: refcount 2019/12/15 v3.6 Data extraction from label references (HO)
) (/usr/local/texlive/2025/texmf-dist/tex/generic/gettitlestring/gettitlestring.sty
Package: gettitlestring 2019/12/15 v1.6 Cleanup title references (HO)
)
\c@section@level=\count286
) (/usr/local/texlive/2025/texmf-dist/tex/generic/stringenc/stringenc.sty
Package: stringenc 2019/11/29 v1.12 Convert strings between diff. encodings (HO)
)
\@linkdim=\dimen161
\Hy@linkcounter=\count287
\Hy@pagecounter=\count288
 (/usr/local/texlive/2025/texmf-dist/tex/latex/hyperref/pd1enc.def
File: pd1enc.def 2024-11-05 v7.01l Hyperref: PDFDocEncoding definition (HO)
Now handling font encoding PD1 ...
... no UTF-8 mapping file for font encoding PD1
) (/usr/local/texlive/2025/texmf-dist/tex/generic/intcalc/intcalc.sty
Package: intcalc 2019/12/15 v1.3 Expandable calculations with integers (HO)
)
\Hy@SavedSpaceFactor=\count289
 (/usr/local/texlive/2025/texmf-dist/tex/latex/hyperref/puenc.def
File: puenc.def 2024-11-05 v7.01l Hyperref: PDF Unicode definition (HO)
Now handling font encoding PU ...
... no UTF-8 mapping file for font encoding PU
)
Package hyperref Info: Hyper figures OFF on input line 4157.
Package hyperref Info: Link nesting OFF on input line 4162.
Package hyperref Info: Hyper index ON on input line 4165.
Package hyperref Info: Plain pages OFF on input line 4172.
Package hyperref Info: Backreferencing OFF on input line 4177.
Package hyperref Info: Implicit mode ON; LaTeX internals redefined.
Package hyperref Info: Bookmarks ON on input line 4424.
\c@Hy@tempcnt=\count290
 (/usr/local/texlive/2025/texmf-dist/tex/latex/url/url.sty
\Urlmuskip=\muskip17
Package: url 2013/09/16  ver 3.4  Verb mode for urls, etc.
)
LaTeX Info: Redefining \url on input line 4763.
\XeTeXLinkMargin=\dimen162
 (/usr/local/texlive/2025/texmf-dist/tex/generic/bitset/bitset.sty
Package: bitset 2019/12/09 v1.3 Handle bit-vector datatype (HO)
 (/usr/local/texlive/2025/texmf-dist/tex/generic/bigintcalc/bigintcalc.sty
Package: bigintcalc 2019/12/15 v1.5 Expandable calculations on big integers (HO)
))
\Fld@menulength=\count291
\Field@Width=\dimen163
\Fld@charsize=\dimen164
Package hyperref Info: Hyper figures OFF on input line 6042.
Package hyperref Info: Link nesting OFF on input line 6047.
Package hyperref Info: Hyper index ON on input line 6050.
Package hyperref Info: backreferencing OFF on input line 6057.
Package hyperref Info: Link coloring OFF on input line 6062.
Package hyperref Info: Link coloring with OCG OFF on input line 6067.
Package hyperref Info: PDF/A mode OFF on input line 6072.
 (/usr/local/texlive/2025/texmf-dist/tex/latex/base/atbegshi-ltx.sty
Package: atbegshi-ltx 2021/01/10 v1.0c Emulation of the original atbegshi
package with kernel methods
)
\Hy@abspage=\count292
\c@Item=\count293
\c@Hfootnote=\count294
)
Package hyperref Info: Driver (autodetected): hpdftex.
 (/usr/local/texlive/2025/texmf-dist/tex/latex/hyperref/hpdftex.def
File: hpdftex.def 2024-11-05 v7.01l Hyperref driver for pdfTeX
 (/usr/local/texlive/2025/texmf-dist/tex/latex/base/atveryend-ltx.sty
Package: atveryend-ltx 2020/08/19 v1.0a Emulation of the original atveryend package
with kernel methods
)
\Fld@listcount=\count295
\c@bookmark@seq@number=\count296
 (/usr/local/texlive/2025/texmf-dist/tex/latex/rerunfilecheck/rerunfilecheck.sty
Package: rerunfilecheck 2022-07-10 v1.10 Rerun checks for auxiliary files (HO)
 (/usr/local/texlive/2025/texmf-dist/tex/generic/uniquecounter/uniquecounter.sty
Package: uniquecounter 2019/12/15 v1.4 Provide unlimited unique counter (HO)
)
Package uniquecounter Info: New unique counter `rerunfilecheck' on input line 285.
)
\Hy@SectionHShift=\skip54
) (/usr/local/texlive/2025/texmf-dist/tex/latex/l3backend/l3backend-pdftex.def
File: l3backend-pdftex.def 2025-04-14 L3 backend support: PDF output (pdfTeX)
\l__color_backend_stack_int=\count297
) (./citations.aux)
\openout1 = `citations.aux'.

LaTeX Font Info:    Checking defaults for OML/cmm/m/it on input line 10.
LaTeX Font Info:    ... okay on input line 10.
LaTeX Font Info:    Checking defaults for OMS/cmsy/m/n on input line 10.
LaTeX Font Info:    ... okay on input line 10.
LaTeX Font Info:    Checking defaults for OT1/cmr/m/n on input line 10.
LaTeX Font Info:    ... okay on input line 10.
LaTeX Font Info:    Checking defaults for T1/cmr/m/n on input line 10.
LaTeX Font Info:    ... okay on input line 10.
LaTeX Font Info:    Checking defaults for TS1/cmr/m/n on input line 10.
LaTeX Font Info:    ... okay on input line 10.
LaTeX Font Info:    Checking defaults for OMX/cmex/m/n on input line 10.
LaTeX Font Info:    ... okay on input line 10.
LaTeX Font Info:    Checking defaults for U/cmr/m/n on input line 10.
LaTeX Font Info:    ... okay on input line 10.
LaTeX Font Info:    Checking defaults for PD1/pdf/m/n on input line 10.
LaTeX Font Info:    ... okay on input line 10.
LaTeX Font Info:    Checking defaults for PU/pdf/m/n on input line 10.
LaTeX Font Info:    ... okay on input line 10.

*geometry* driver: auto-detecting
*geometry* detected driver: pdftex
*geometry* verbose mode - [ preamble ] result:
* driver: pdftex
* paper: <default>
* layout: <same size as paper>
* layoutoffset:(h,v)=(0.0pt,0.0pt)
* modes: 
* h-part:(L,W,R)=(72.26999pt, 469.75502pt, 72.26999pt)
* v-part:(T,H,B)=(72.26999pt, 650.43001pt, 72.26999pt)
* \paperwidth=614.295pt
* \paperheight=794.96999pt
* \textwidth=469.75502pt
* \textheight=650.43001pt
* \oddsidemargin=0.0pt
* \evensidemargin=0.0pt
* \topmargin=-37.0pt
* \headheight=12.0pt
* \headsep=25.0pt
* \topskip=12.0pt
* \footskip=30.0pt
* \marginparwidth=44.0pt
* \marginparsep=10.0pt
* \columnsep=10.0pt
* \skip\footins=10.8pt plus 4.0pt minus 2.0pt
* \hoffset=0.0pt
* \voffset=0.0pt
* \mag=1000
* \@twocolumnfalse
* \@twosidefalse
* \@mparswitchfalse
* \@reversemarginfalse
* (1in=72.27pt=25.4mm, 1cm=28.453pt)

Package hyperref Info: Link coloring OFF on input line 10.
\@outlinefile=\write3
\openout3 = `citations.out'.



[1

{/usr/local/texlive/2025/texmf-var/fonts/map/pdftex/updmap/pdftex.map}]
Overfull \hbox (6.99701pt too wide) in paragraph at lines 45--46
[]\OT1/cmr/m/n/12 Michalewicz, Z., Ge-netic Al-go-rithms + Data Struc-tures = Evo-lu-tion Pro-grams, Springer,
 []



[2]

[3]
LaTeX Font Info:    External font `cmex10' loaded for size
(Font)              <12> on input line 75.
LaTeX Font Info:    External font `cmex10' loaded for size
(Font)              <8> on input line 75.
LaTeX Font Info:    External font `cmex10' loaded for size
(Font)              <6> on input line 75.


[4]

[5]
Overfull \hbox (25.22221pt too wide) in paragraph at lines 108--109
[]\OT1/cmr/m/n/12 JPL, ``Three-Body Pe-ri-odic Or-bits,'' \OT1/cmtt/m/n/12 <ssd.jpl.nasa.gov/tools/periodic[]orbits.html>\OT1/cmr/m/n/12 ,
 []

/Users/blakejohnson/Documents/rtbp_neptune_triton/lit_review/citations.tex:110: Missing $ inserted.
<inserted text> 
                $
l.110 ...bits,'' <ssd.jpl.nasa.gov/tools/periodic_
                                                  orbits.html>, 2024.
I've inserted a begin-math/end-math symbol since I think
you left one out. Proceed, with fingers crossed.


/Users/blakejohnson/Documents/rtbp_neptune_triton/lit_review/citations.tex:111: LaTeX Error: Command \item invalid in math mode.

See the LaTeX manual or LaTeX Companion for explanation.
Type  H <return>  for immediate help.
 ...                                              
                                                  
l.111 \item
            [6] Williams, D.R., ``Uranian Satellites Fact Sheet,'' <nssdc.gs...
Try typing  <return>  to proceed.
If that doesn't work, type  X <return>  to quit.

/Users/blakejohnson/Documents/rtbp_neptune_triton/lit_review/citations.tex:111: Missing $ inserted.
<inserted text> 
                $
l.111 \item [6]
                Williams, D.R., ``Uranian Satellites Fact Sheet,'' <nssdc.gs...
I've inserted a begin-math/end-math symbol since I think
you left one out. Proceed, with fingers crossed.


Overfull \hbox (7.8257pt too wide) in paragraph at lines 110--111
[]\OT1/cmr/m/n/12 JPL, ``Three-Body Pe-ri-odic Or-bits,'' <ssd.jpl.nasa.gov/tools/periodic$[]\OML/cmm/m/it/12 rbits:html >; \OT1/cmr/m/n/12 2024\OML/cmm/m/it/12 :
 []


Underfull \hbox (badness 10000) in paragraph at lines 110--111

 []


Overfull \hbox (127.0263pt too wide) in paragraph at lines 111--112
[]\OT1/cmr/m/n/12 Williams, D.R., ``Ura-nian Satel-lites Fact Sheet,'' <nssdc.gsfc.nasa.gov/planetary/factsheet/uraniansatfact.html>,
 []

/Users/blakejohnson/Documents/rtbp_neptune_triton/lit_review/citations.tex:112: Missing $ inserted.
<inserted text> 
                $
l.112 ...asa.gov/planetary/factsheet/galileanfact_
                                                  table.html>, 2016 (accesse...
I've inserted a begin-math/end-math symbol since I think
you left one out. Proceed, with fingers crossed.


/Users/blakejohnson/Documents/rtbp_neptune_triton/lit_review/citations.tex:113: LaTeX Error: Command \item invalid in math mode.

See the LaTeX manual or LaTeX Companion for explanation.
Type  H <return>  for immediate help.
 ...                                              
                                                  
l.113 \item
            [8] Negri, R.B., and Prado, A.F., ``Generalizing the Bicircular ...
Try typing  <return>  to proceed.
If that doesn't work, type  X <return>  to quit.

/Users/blakejohnson/Documents/rtbp_neptune_triton/lit_review/citations.tex:113: Missing $ inserted.
<inserted text> 
                $
l.113 \item [8]
                Negri, R.B., and Prado, A.F., ``Generalizing the Bicircular ...
I've inserted a begin-math/end-math symbol since I think
you left one out. Proceed, with fingers crossed.


Overfull \hbox (185.87856pt too wide) in paragraph at lines 112--113
[]\OT1/cmr/m/n/12 Williams, D.R., ``So-lar Sys-tem Small Worlds Fact Sheet,'' <nssdc.gsfc.nasa.gov/planetary/factsheet/galileanfact$[]\OML/cmm/m/it/12 able:html >
 []


Overfull \hbox (50.14285pt too wide) in paragraph at lines 125--126
\OT1/cmr/m/n/12 Neptune--Triton Sys-tem,'' Plan-e-tary Sci-ence Jour-nal 2(5), 2021, p. 184. doi:10.3847/PSJ/abf654. 
 []



[6]
/Users/blakejohnson/Documents/rtbp_neptune_triton/lit_review/citations.tex:132: Missing $ inserted.
<inserted text> 
                $
l.132 ... 183--206. doi:10.1007/978-3-319-55372-6_
                                                  9.
I've inserted a begin-math/end-math symbol since I think
you left one out. Proceed, with fingers crossed.


/Users/blakejohnson/Documents/rtbp_neptune_triton/lit_review/citations.tex:133: LaTeX Error: Command \item invalid in math mode.

See the LaTeX manual or LaTeX Companion for explanation.
Type  H <return>  for immediate help.
 ...                                              
                                                  
l.133 \item
            [12] Frazzoli, E., ``Robust Hybrid Control for Autonomous Vehicl...
Try typing  <return>  to proceed.
If that doesn't work, type  X <return>  to quit.

/Users/blakejohnson/Documents/rtbp_neptune_triton/lit_review/citations.tex:133: Missing $ inserted.
<inserted text> 
                $
l.133 \item [12]
                 Frazzoli, E., ``Robust Hybrid Control for Autonomous Vehicl...
I've inserted a begin-math/end-math symbol since I think
you left one out. Proceed, with fingers crossed.


Overfull \hbox (71.16621pt too wide) in paragraph at lines 135--136
\OT1/cmr/m/n/12 tel-li-gent Trans-porta-tion Sys-tems Conf., Maui, 2018, pp. 1408--1414. doi:10.1109/ITSC.2018.8569913. 
 []

/Users/blakejohnson/Documents/rtbp_neptune_triton/lit_review/citations.tex:136: Missing $ inserted.
<inserted text> 
                $
l.136 ...005), pp. 133--144. doi:10.1007/11678816_
                                                  16.
I've inserted a begin-math/end-math symbol since I think
you left one out. Proceed, with fingers crossed.


/Users/blakejohnson/Documents/rtbp_neptune_triton/lit_review/citations.tex:137: LaTeX Error: Command \item invalid in math mode.

See the LaTeX manual or LaTeX Companion for explanation.
Type  H <return>  for immediate help.
 ...                                              
                                                  
l.137 \item
            [16] Majumdar, A., Tedrake, R., ``Funnel Libraries for Real-Time...
Try typing  <return>  to proceed.
If that doesn't work, type  X <return>  to quit.

/Users/blakejohnson/Documents/rtbp_neptune_triton/lit_review/citations.tex:137: Missing $ inserted.
<inserted text> 
                $
l.137 \item [16]
                 Majumdar, A., Tedrake, R., ``Funnel Libraries for Real-Time...
I've inserted a begin-math/end-math symbol since I think
you left one out. Proceed, with fingers crossed.


Overfull \hbox (41.61331pt too wide) in paragraph at lines 137--138
\OT1/cmr/m/n/12 Plan-ning,'' Int. J. Robotics Re-search 36(8), 2017, pp. 947--982. doi:10.1177/0278364917712421. 
 []


Overfull \hbox (5.53682pt too wide) in paragraph at lines 141--142
\OT1/cmr/m/n/12 Ap-pli-ca-tion to Tri-ton,'' Earth and Space Sci-ence 9(2), 2022. doi:10.1029/2021EA002034. 
 []



[7]
Overfull \hbox (287.73816pt too wide) in paragraph at lines 143--144
[]\OT1/cmr/m/n/12 NASA, ``Nep-tu-nian Satel-lite Fact Sheet,'' NASA Plan-e-tary Fact Sheet, 2023. (<nssdc.gsfc.nasa.gov/planetary/factsheet/neptuniansatfact.html>,
 []

/Users/blakejohnson/Documents/rtbp_neptune_triton/lit_review/citations.tex:144: Missing $ inserted.
<inserted text> 
                $
l.144 ...23. (<naif.jpl.nasa.gov/pub/naif/generic_
                                                  kernels/>).
I've inserted a begin-math/end-math symbol since I think
you left one out. Proceed, with fingers crossed.


/Users/blakejohnson/Documents/rtbp_neptune_triton/lit_review/citations.tex:145: LaTeX Error: Command \item invalid in math mode.

See the LaTeX manual or LaTeX Companion for explanation.
Type  H <return>  for immediate help.
 ...                                              
                                                  
l.145 \item
            [24] Murray, C.D., and Dermott, S.F., Solar System Dynamics, Cam...
Try typing  <return>  to proceed.
If that doesn't work, type  X <return>  to quit.

/Users/blakejohnson/Documents/rtbp_neptune_triton/lit_review/citations.tex:145: Missing $ inserted.
<inserted text> 
                $
l.145 \item [24]
                 Murray, C.D., and Dermott, S.F., Solar System Dynamics, Cam...
I've inserted a begin-math/end-math symbol since I think
you left one out. Proceed, with fingers crossed.


Overfull \hbox (97.60812pt too wide) in paragraph at lines 154--155
\OT1/cmr/m/n/12 tion Tech-niques,'' Ph.D. the-sis, Pur-due Uni-ver-sity Grad-u-ate School, 2020. doi:10.25394/PGS.12739775.v1. 
 []



[8]
Overfull \hbox (128.06146pt too wide) in paragraph at lines 162--163
\OT1/cmr/m/n/12 Jour-nal of Sta-tis-ti-cal Com-pu-ta-tion and Sim-u-la-tion 73(8), 2003, pp. 575--584. doi:10.1080/0094965031000136012. 
 []



[9]
Overfull \hbox (18.10661pt too wide) in paragraph at lines 184--185
[]\OT1/cmr/m/n/12 H.P. Marder-ness, ``Voy-ager En-gi-neer-ing Im-prove-ments for Uranus En-counter,'' AIAA/AAS
 []


Overfull \hbox (2.59567pt too wide) in paragraph at lines 190--191
[]\OT1/cmr/m/n/12 L. Miller, K. Savary, ``Voy-ager Flight En-gi-neer-ing Prepa-ra-tions for Nep-tune En-counter,''
 []



[10]

[11]
/Users/blakejohnson/Documents/rtbp_neptune_triton/lit_review/citations.tex:221: You can't use `macro parameter character #' in horizontal mode.
l.221 ...PL Advanced Projects Design Team Report #
                                                  658, 2003.
Sorry, but I'm not programmed to handle this case;
I'll just pretend that you didn't ask for it.
If you're in the wrong mode, you might be able to
return to the right one by typing `I}' or `I$' or `I\par'.


Overfull \hbox (13.82332pt too wide) in paragraph at lines 222--223
\OT1/cmr/m/n/12 Thruster De-vel-op-ment Sta-tus,'' AIAA-2003-4862, 39th Joint Propul-sion Conf., Huntsville,
 []



[12]

[13]

[14]
Overfull \hbox (10.25067pt too wide) in paragraph at lines 283--284
\OT1/cmr/m/n/12 Im-pul-sive Trans-fers Be-tween Halo Or-bits,'' Proc. 69th IAC, Pa-per IAC-18,C1,1,7,x44277,
 []



[15]

[16]
Overfull \hbox (77.5908pt too wide) in paragraph at lines 308--309
[]\OT1/cmr/m/n/12 ``SPICE { An Ob-ser-va-tion Ge-om-e-try Sys-tem for Space Sci-ence Mis-sions,'' 2023, <naif.jpl.nasa.gov/naif>
 []


Overfull \hbox (5.31091pt too wide) in paragraph at lines 309--310
[]\OT1/cmr/m/n/12 Canales, D., ``Trans-fer De-sign Method-ol-ogy Be-tween Neigh-bor-hoods of Plan-e-tary Moons
 []



[17]
Overfull \hbox (23.1849pt too wide) in paragraph at lines 335--336
[]\OT1/cmr/m/n/12 Alexandersen, M., Glad-man, B., Kave-laars, J.J., et al. 2016, AJ 152, 111. doi:10.3847/0004-
 []


Overfull \hbox (43.07495pt too wide) in paragraph at lines 336--337
[]\OT1/cmr/m/n/12 Balaji, S., Za-veri, N., Hayashi, N., et al. 2023, MN-RAS 524, 3039. doi:10.1093/mnras/stad2026. 
 []


Overfull \hbox (32.32372pt too wide) in paragraph at lines 337--338
[]\OT1/cmr/m/n/12 Bannister, M.T., Glad-man, B.J., Kave-laars, J.J., et al. 2018, ApJS 236, 18. doi:10.3847/1538-
 []



[18]
Overfull \hbox (25.30202pt too wide) in paragraph at lines 344--345
[]\OT1/cmr/m/n/12 Forg^^Sacs-Dajka, E., S^^Sandor, Z., []Erdi, B. 2018, MN-RAS 477, 3383. doi:10.1093/mnras/sty641. 
 []


Overfull \hbox (47.74565pt too wide) in paragraph at lines 348--349
[]\OT1/cmr/m/n/12 Harris, C.R., Mill-man, K.J., van der Walt, S.J., et al. 2020, Na-ture 585, 357. doi:10.1038/s41586-
 []


Overfull \hbox (25.49493pt too wide) in paragraph at lines 364--365
[]\OT1/cmr/m/n/12 Milani, A., No-bili, A.M., Carpino, M. 1989, Icarus 82, 200. doi:10.1016/0019-1035(89)90031-
 []



[19]
Overfull \hbox (9.51607pt too wide) in paragraph at lines 369--370
[]\OT1/cmr/m/n/12 Mu~noz-Guti^^Serrez, M.A., Pe-im-bert, A., Pichardo, B. 2018, AJ 156, 108. doi:10.3847/1538-
 []


Overfull \hbox (2.39209pt too wide) in paragraph at lines 377--378
[]\OT1/cmr/m/n/12 Petit, J.-M., Kave-laars, J.J., Glad-man, B.J., et al. 2011, AJ 142, 131. doi:10.1088/0004-
 []


Overfull \hbox (62.26227pt too wide) in paragraph at lines 381--382
[]\OT1/cmr/m/n/12 Rein, H., Her-nan-dez, D.M., Tamayo, D., et al. 2019, MN-RAS 485, 5490. doi:10.1093/mnras/stz769. 
 []



[20]

[21]

/Users/blakejohnson/Documents/rtbp_neptune_triton/lit_review/citations.tex:429: LaTeX Error: Unicode character Δ (U+0394)
               not set up for use with LaTeX.

See the LaTeX manual or LaTeX Companion for explanation.
Type  H <return>  for immediate help.
 ...                                              
                                                  
l.429 \item [9] R. Haw, ``Mass allocation and Δ
                                                V requirements for a Triton ...
You may provide a definition with
\DeclareUnicodeCharacter 



[22]

[23] (./citations.aux)
 ***********
LaTeX2e <2024-11-01> patch level 2
L3 programming layer <2025-04-14>
 ***********


Package rerunfilecheck Warning: File `citations.out' has changed.
(rerunfilecheck)                Rerun to get outlines right
(rerunfilecheck)                or use package `bookmark'.

Package rerunfilecheck Info: Checksums for `citations.out':
(rerunfilecheck)             Before: <no file>
(rerunfilecheck)             After:  D41D8CD98F00B204E9800998ECF8427E;0.
 ) 
Here is how much of TeX's memory you used:
 8966 strings out of 469608
 138372 string characters out of 5470601
 546102 words of memory out of 5000000
 35535 multiletter control sequences out of 15000+600000
 630335 words of font info for 52 fonts, out of 8000000 for 9000
 1141 hyphenation exceptions out of 8191
 69i,6n,79p,1259b,552s stack positions out of 10000i,1000n,20000p,200000b,200000s
</usr/local/texlive/2025/texmf-dist/fonts/type1/public/amsfonts/cm/cmbx12.pfb></usr/local/texlive/2025/texmf-dist/fonts/type1/public/amsfonts/cm/cmmi12.pfb></usr/local/texlive/2025/texmf-dist/fonts/type1/public/amsfonts/cm/cmmi8.pfb></usr/local/texlive/2025/texmf-dist/fonts/type1/public/amsfonts/cm/cmr12.pfb></usr/local/texlive/2025/texmf-dist/fonts/type1/public/amsfonts/cm/cmr6.pfb></usr/local/texlive/2025/texmf-dist/fonts/type1/public/amsfonts/cm/cmr8.pfb></usr/local/texlive/2025/texmf-dist/fonts/type1/public/amsfonts/cm/cmsy8.pfb></usr/local/texlive/2025/texmf-dist/fonts/type1/public/amsfonts/cm/cmtt12.pfb>
Output written on citations.pdf (23 pages, 149548 bytes).
PDF statistics:
 380 PDF objects out of 1000 (max. 8388607)
 335 compressed objects within 4 object streams
 214 named destinations out of 1000 (max. 500000)
 1 words of extra memory for PDF output out of 10000 (max. 10000000)

